
Showing logs for build [32mcb-kubecd-environment-pr-206-66-s8tpk-1[0m stage [32mfrom-build-pack[0m and container [32mstep-credential-initializer-rkbj2[0m
{"level":"info","ts":1587595505.4216537,"logger":"fallback-logger","caller":"logging/config.go:69","msg":"Fetch GitHub commit ID from kodata failed: open /var/run/ko/refs/heads/0.8.0-ns-support: no such file or directory"}
{"level":"info","ts":1587595505.422827,"logger":"fallback-logger","caller":"creds-init/main.go:40","msg":"Credentials initialized."}

Showing logs for build [32mcb-kubecd-environment-pr-206-66-s8tpk-1[0m stage [32mfrom-build-pack[0m and container [32mstep-working-dir-initializer-4zqt6[0m
{"level":"info","ts":1587595506.461292,"logger":"fallback-logger","caller":"logging/config.go:69","msg":"Fetch GitHub commit ID from kodata failed: open /var/run/ko/HEAD: no such file or directory"}
{"level":"info","ts":1587595506.4631433,"logger":"fallback-logger","caller":"bash/main.go:64","msg":"Successfully executed command \"sh -c mkdir -p /workspace/source\"; output "}

Showing logs for build [32mcb-kubecd-environment-pr-206-66-s8tpk-1[0m stage [32mfrom-build-pack[0m and container [32mstep-place-tools[0m

Showing logs for build [32mcb-kubecd-environment-pr-206-66-s8tpk-1[0m stage [32mfrom-build-pack[0m and container [32mstep-git-source-cb-kubecd-environment-pr-206-66-s8tpk-dkzdb[0m
{"level":"info","ts":1587595510.502433,"logger":"fallback-logger","caller":"logging/config.go:69","msg":"Fetch GitHub commit ID from kodata failed: open /var/run/ko/refs/heads/0.8.0-ns-support: no such file or directory"}
{"level":"info","ts":1587595511.5585976,"logger":"fallback-logger","caller":"git/git.go:103","msg":"Successfully cloned https://github.com/cb-kubecd/environment-pr-206-66-boot-gke-production.git @ master in path /workspace/source"}

Showing logs for build [32mcb-kubecd-environment-pr-206-66-s8tpk-1[0m stage [32mfrom-build-pack[0m and container [32mstep-git-merge[0m
Using SHAs from PULL_REFS=master:bf46a38f965c4b3513742497691b98870a3e8bf0,1:e72cdb9b3e23b725f62c6d105bae325145668c70
DEBUG: LC_ALL=C JX_LOG_LEVEL=error git fetch origin --unshallow e72cdb9b3e23b725f62c6d105bae325145668c70: bf46a38f965c4b3513742497691b98870a3e8bf0:
DEBUG: ran git fetch --unshallow origin e72cdb9b3e23b725f62c6d105bae325145668c70: bf46a38f965c4b3513742497691b98870a3e8bf0: in 
DEBUG: LC_ALL=C JX_LOG_LEVEL=error git branch
DEBUG: LC_ALL=C JX_LOG_LEVEL=error git checkout master
DEBUG: ran git checkout master in 
DEBUG: LC_ALL=C JX_LOG_LEVEL=error git reset --hard bf46a38f965c4b3513742497691b98870a3e8bf0
DEBUG: ran git reset --hard bf46a38f965c4b3513742497691b98870a3e8bf0 in 
DEBUG: LC_ALL=C JX_LOG_LEVEL=error git clean -fd .
DEBUG: ran clean --force -d . in 
DEBUG: LC_ALL=C JX_LOG_LEVEL=error git merge e72cdb9b3e23b725f62c6d105bae325145668c70
DEBUG: ran git merge e72cdb9b3e23b725f62c6d105bae325145668c70 in 
DEBUG: LC_ALL=C JX_LOG_LEVEL=error git log --format=%H%x1f%an%x1f%ae%x1f%cn%x1f%ce%x1f%s%n%b%x1e bf46a38f965c4b3513742497691b98870a3e8bf0..HEAD
Merged SHA e72cdb9b3e23b725f62c6d105bae325145668c70 with commit message 'chore: Promote bdd-spring-1587594600 to version 0.0.1' into base branch master

Showing logs for build [32mcb-kubecd-environment-pr-206-66-s8tpk-1[0m stage [32mfrom-build-pack[0m and container [32mstep-build-helm-build[0m
WARNING: No $CHART_REPOSITORY defined so using the default value of: http://jenkins-x-chartmuseum:8080
Adding missing Helm repo: storage.googleapis.com https://storage.googleapis.com/chartmuseum.jenkins-x.io
WARNING: No secrets found on "helm/repos" due: reading the secret "helm/repos" from vault: no secret "helm/repos" not found in vault
Read credentials for https://storage.googleapis.com/chartmuseum.jenkins-x.io from vault helm/repos
Successfully added Helm repository storage.googleapis.com.
Adding missing Helm repo: jenkins-x-chartmuseum http://jenkins-x-chartmuseum:8080
WARNING: No secrets found on "helm/repos" due: reading the secret "helm/repos" from vault: no secret "helm/repos" not found in vault
Read credentials for http://jenkins-x-chartmuseum:8080 from vault helm/repos
Successfully added Helm repository jenkins-x-chartmuseum.
WARNING: No $CHART_REPOSITORY defined so using the default value of: http://jenkins-x-chartmuseum:8080
Adding missing Helm repo: chartmuseum.jenkins-x.io http://chartmuseum.jenkins-x.io
WARNING: No secrets found on "helm/repos" due: reading the secret "helm/repos" from vault: no secret "helm/repos" not found in vault
Read credentials for http://chartmuseum.jenkins-x.io from vault helm/repos
Successfully added Helm repository chartmuseum.jenkins-x.io.
